# JRE version: Java(TM) SE Runtime Environment (17.0.12+8) (build 17.0.12+8-LTS-286)
# Java VM: Java HotSpot(TM) 64-Bit Server VM (17.0.12+8-LTS-286, mixed mode, sharing, tiered, compressed oops, compressed class ptrs, g1 gc, windows-amd64)
GC Precious Log:
 CPUs: 12 total, 12 available
 Memory: 7530M
 Large Page Support: Disabled
 NUMA Support: Disabled
 Compressed Oops: Enabled (32-bit)
 Heap Region Size: 1M
 Heap Min Capacity: 8M
 Heap Initial Capacity: 118M
 Heap Max Capacity: 1884M
 Pre-touch: Disabled
 Parallel Workers: 10
 Concurrent Workers: 3
 Concurrent Refinement Workers: 10
 Periodic GC: Disabled
Heap:
 garbage-first heap   total 184320K, used 119878K [0x000000008a400000, 0x0000000100000000)
  region size 1024K, 65 young (66560K), 2 survivors (2048K)
 Metaspace       used 108618K, committed 111744K, reserved 1179648K
  class space    used 14302K, committed 15040K, reserved 1048576K
GC Heap History (20 events):
Event: 50673.817 GC heap before
{Heap before GC invocations=261 (full 11):
 garbage-first heap   total 184320K, used 162134K [0x000000008a400000, 0x0000000100000000)
  region size 1024K, 108 young (110592K), 1 survivors (1024K)
 Metaspace       used 106550K, committed 111680K, reserved 1179648K
  class space    used 14086K, committed 15040K, reserved 1048576K
}
Event: 50673.819 GC heap after
{Heap after GC invocations=262 (full 11):
 garbage-first heap   total 184320K, used 52548K [0x000000008a400000, 0x0000000100000000)
  region size 1024K, 1 young (1024K), 1 survivors (1024K)
 Metaspace       used 106550K, committed 111680K, reserved 1179648K
  class space    used 14086K, committed 15040K, reserved 1048576K
}
Event: 50696.351 GC heap before
{Heap before GC invocations=262 (full 11):
 garbage-first heap   total 184320K, used 60740K [0x000000008a400000, 0x0000000100000000)
  region size 1024K, 9 young (9216K), 1 survivors (1024K)
 Metaspace       used 106550K, committed 111680K, reserved 1179648K
  class space    used 14086K, committed 15040K, reserved 1048576K
}
Event: 50696.362 GC heap after
{Heap after GC invocations=263 (full 11):
 garbage-first heap   total 184320K, used 52562K [0x000000008a400000, 0x0000000100000000)
  region size 1024K, 1 young (1024K), 1 survivors (1024K)
 Metaspace       used 106550K, committed 111680K, reserved 1179648K
  class space    used 14086K, committed 15040K, reserved 1048576K
}
Event: 51001.922 GC heap before
{Heap before GC invocations=263 (full 11):
 garbage-first heap   total 184320K, used 162130K [0x000000008a400000, 0x0000000100000000)
  region size 1024K, 108 young (110592K), 1 survivors (1024K)
 Metaspace       used 106550K, committed 111680K, reserved 1179648K
  class space    used 14086K, committed 15040K, reserved 1048576K
}
Event: 51001.934 GC heap after
{Heap after GC invocations=264 (full 11):
 garbage-first heap   total 184320K, used 52591K [0x000000008a400000, 0x0000000100000000)
  region size 1024K, 1 young (1024K), 1 survivors (1024K)
 Metaspace       used 106550K, committed 111680K, reserved 1179648K
  class space    used 14086K, committed 15040K, reserved 1048576K
}
Event: 51307.477 GC heap before
{Heap before GC invocations=265 (full 11):
 garbage-first heap   total 184320K, used 162159K [0x000000008a400000, 0x0000000100000000)
  region size 1024K, 108 young (110592K), 1 survivors (1024K)
 Metaspace       used 106550K, committed 111680K, reserved 1179648K
  class space    used 14086K, committed 15040K, reserved 1048576K
}
Event: 51307.481 GC heap after
{Heap after GC invocations=266 (full 11):
 garbage-first heap   total 184320K, used 52547K [0x000000008a400000, 0x0000000100000000)
  region size 1024K, 1 young (1024K), 1 survivors (1024K)
 Metaspace       used 106550K, committed 111680K, reserved 1179648K
  class space    used 14086K, committed 15040K, reserved 1048576K
}
Event: 51329.867 GC heap before
{Heap before GC invocations=266 (full 11):
 garbage-first heap   total 184320K, used 60739K [0x000000008a400000, 0x0000000100000000)
  region size 1024K, 9 young (9216K), 1 survivors (1024K)
 Metaspace       used 106550K, committed 111680K, reserved 1179648K
  class space    used 14086K, committed 15040K, reserved 1048576K
}
Event: 51329.871 GC heap after
{Heap after GC invocations=267 (full 11):
 garbage-first heap   total 184320K, used 52584K [0x000000008a400000, 0x0000000100000000)
  region size 1024K, 1 young (1024K), 1 survivors (1024K)
 Metaspace       used 106550K, committed 111680K, reserved 1179648K
  class space    used 14086K, committed 15040K, reserved 1048576K
}
Event: 51535.989 GC heap before
{Heap before GC invocations=267 (full 11):
 garbage-first heap   total 184320K, used 162152K [0x000000008a400000, 0x0000000100000000)
  region size 1024K, 108 young (110592K), 1 survivors (1024K)
 Metaspace       used 106648K, committed 111680K, reserved 1179648K
  class space    used 14095K, committed 15040K, reserved 1048576K
}
Event: 51536.078 GC heap after
{Heap after GC invocations=268 (full 11):
 garbage-first heap   total 184320K, used 56614K [0x000000008a400000, 0x0000000100000000)
  region size 1024K, 4 young (4096K), 4 survivors (4096K)
 Metaspace       used 106648K, committed 111680K, reserved 1179648K
  class space    used 14095K, committed 15040K, reserved 1048576K
}
Event: 51837.444 GC heap before
{Heap before GC invocations=269 (full 11):
 garbage-first heap   total 184320K, used 159014K [0x000000008a400000, 0x0000000100000000)
  region size 1024K, 105 young (107520K), 4 survivors (4096K)
 Metaspace       used 107307K, committed 111744K, reserved 1179648K
  class space    used 14169K, committed 15040K, reserved 1048576K
}
Event: 51837.500 GC heap after
{Heap after GC invocations=270 (full 11):
 garbage-first heap   total 184320K, used 57203K [0x000000008a400000, 0x0000000100000000)
  region size 1024K, 5 young (5120K), 5 survivors (5120K)
 Metaspace       used 107307K, committed 111744K, reserved 1179648K
  class space    used 14169K, committed 15040K, reserved 1048576K
}
Event: 51878.739 GC heap before
{Heap before GC invocations=270 (full 11):
 garbage-first heap   total 184320K, used 156531K [0x000000008a400000, 0x0000000100000000)
  region size 1024K, 103 young (105472K), 5 survivors (5120K)
 Metaspace       used 107789K, committed 111744K, reserved 1179648K
  class space    used 14226K, committed 15040K, reserved 1048576K
}
Event: 51878.765 GC heap after
{Heap after GC invocations=271 (full 11):
 garbage-first heap   total 184320K, used 62388K [0x000000008a400000, 0x0000000100000000)
  region size 1024K, 10 young (10240K), 10 survivors (10240K)
 Metaspace       used 107789K, committed 111744K, reserved 1179648K
  class space    used 14226K, committed 15040K, reserved 1048576K
}
Event: 51940.913 GC heap before
{Heap before GC invocations=272 (full 11):
 garbage-first heap   total 184320K, used 149428K [0x000000008a400000, 0x0000000100000000)
  region size 1024K, 99 young (101376K), 10 survivors (10240K)
 Metaspace       used 108323K, committed 111744K, reserved 1179648K
  class space    used 14272K, committed 15040K, reserved 1048576K
}
Event: 51941.014 GC heap after
{Heap after GC invocations=273 (full 11):
 garbage-first heap   total 184320K, used 60227K [0x000000008a400000, 0x0000000100000000)
  region size 1024K, 9 young (9216K), 9 survivors (9216K)
 Metaspace       used 108323K, committed 111744K, reserved 1179648K
  class space    used 14272K, committed 15040K, reserved 1048576K
}
Event: 51941.052 GC heap before
{Heap before GC invocations=273 (full 11):
 garbage-first heap   total 184320K, used 61251K [0x000000008a400000, 0x0000000100000000)
  region size 1024K, 10 young (10240K), 9 survivors (9216K)
 Metaspace       used 108323K, committed 111744K, reserved 1179648K
  class space    used 14272K, committed 15040K, reserved 1048576K
}
Event: 51941.102 GC heap after
{Heap after GC invocations=274 (full 11):
 garbage-first heap   total 184320K, used 57414K [0x000000008a400000, 0x0000000100000000)
  region size 1024K, 2 young (2048K), 2 survivors (2048K)
 Metaspace       used 108323K, committed 111744K, reserved 1179648K
  class space    used 14272K, committed 15040K, reserved 1048576K
}

